2022-02-20 14:11:03 DEBUG InternalLoggerFactory:89 - Using Log4J as the default logging framework
2022-02-20 14:11:03 DEBUG ResourceLeakDetector:129 - -Dio.netty.leakDetection.level: simple
2022-02-20 14:11:03 DEBUG ResourceLeakDetector:130 - -Dio.netty.leakDetection.targetRecords: 4
2022-02-20 14:11:03 DEBUG ResourceLeakDetectorFactory:196 - Loaded default ResourceLeakDetector: io.netty.util.ResourceLeakDetector@74eb909f
2022-02-20 14:11:03 DEBUG PlatformDependent0:460 - -Dio.netty.noUnsafe: false
2022-02-20 14:11:03 DEBUG PlatformDependent0:954 - Java version: 17
2022-02-20 14:11:03 DEBUG PlatformDependent0:135 - sun.misc.Unsafe.theUnsafe: available
2022-02-20 14:11:03 DEBUG PlatformDependent0:159 - sun.misc.Unsafe.copyMemory: available
2022-02-20 14:11:03 DEBUG PlatformDependent0:202 - java.nio.Buffer.address: available
2022-02-20 14:11:03 DEBUG PlatformDependent0:285 - direct buffer constructor: unavailable: Reflective setAccessible(true) disabled
2022-02-20 14:11:03 DEBUG PlatformDependent0:350 - java.nio.Bits.unaligned: available, true
2022-02-20 14:11:03 DEBUG PlatformDependent0:417 - jdk.internal.misc.Unsafe.allocateUninitializedArray(int): unavailable: class io.netty.util.internal.PlatformDependent0$6 cannot access class jdk.internal.misc.Unsafe (in module java.base) because module java.base does not export jdk.internal.misc to unnamed module @61dc03ce
2022-02-20 14:11:03 DEBUG PlatformDependent0:446 - java.nio.DirectByteBuffer.<init>(long, int): unavailable
2022-02-20 14:11:03 DEBUG PlatformDependent:1116 - sun.misc.Unsafe: available
2022-02-20 14:11:03 DEBUG PlatformDependent:1218 - maxDirectMemory: 2080374784 bytes (maybe)
2022-02-20 14:11:03 DEBUG PlatformDependent:1237 - -Dio.netty.tmpdir: C:\Users\Admin\AppData\Local\Temp (java.io.tmpdir)
2022-02-20 14:11:03 DEBUG PlatformDependent:1316 - -Dio.netty.bitMode: 64 (sun.arch.data.model)
2022-02-20 14:11:03 DEBUG PlatformDependent:1076 - Platform: Windows
2022-02-20 14:11:03 DEBUG PlatformDependent:178 - -Dio.netty.maxDirectMemory: -1 bytes
2022-02-20 14:11:03 DEBUG PlatformDependent:185 - -Dio.netty.uninitializedArrayAllocationThreshold: -1
2022-02-20 14:11:03 DEBUG CleanerJava9:71 - java.nio.ByteBuffer.cleaner(): available
2022-02-20 14:11:03 DEBUG PlatformDependent:205 - -Dio.netty.noPreferDirect: false
2022-02-20 14:11:03 DEBUG PlatformDependent:967 - org.jctools-core.MpscChunkedArrayQueue: available
2022-02-20 14:11:03 DEBUG InternalThreadLocalMap:86 - -Dio.netty.threadLocalMap.stringBuilder.initialSize: 1024
2022-02-20 14:11:03 DEBUG InternalThreadLocalMap:89 - -Dio.netty.threadLocalMap.stringBuilder.maxSize: 4096
2022-02-20 14:11:03 DEBUG JdkSslContext:97 - Default protocols (JDK): [TLSv1.3, TLSv1.2] 
2022-02-20 14:11:03 DEBUG JdkSslContext:98 - Default cipher suites (JDK): [TLS_ECDHE_ECDSA_WITH_AES_256_GCM_SHA384, TLS_ECDHE_ECDSA_WITH_AES_128_GCM_SHA256, TLS_ECDHE_RSA_WITH_AES_128_GCM_SHA256, TLS_ECDHE_RSA_WITH_AES_256_GCM_SHA384, TLS_ECDHE_RSA_WITH_AES_128_CBC_SHA, TLS_ECDHE_RSA_WITH_AES_256_CBC_SHA, TLS_RSA_WITH_AES_128_GCM_SHA256, TLS_RSA_WITH_AES_128_CBC_SHA, TLS_RSA_WITH_AES_256_CBC_SHA, TLS_AES_128_GCM_SHA256, TLS_AES_256_GCM_SHA384]
2022-02-20 14:11:03 DEBUG MultithreadEventLoopGroup:44 - -Dio.netty.eventLoopThreads: 8
2022-02-20 14:11:03 DEBUG NioEventLoop:109 - -Dio.netty.noKeySetOptimization: false
2022-02-20 14:11:03 DEBUG NioEventLoop:110 - -Dio.netty.selectorAutoRebuildThreshold: 512
2022-02-20 14:11:03 DEBUG PooledByteBufAllocator:155 - -Dio.netty.allocator.numHeapArenas: 8
2022-02-20 14:11:03 DEBUG PooledByteBufAllocator:156 - -Dio.netty.allocator.numDirectArenas: 8
2022-02-20 14:11:03 DEBUG PooledByteBufAllocator:158 - -Dio.netty.allocator.pageSize: 8192
2022-02-20 14:11:03 DEBUG PooledByteBufAllocator:163 - -Dio.netty.allocator.maxOrder: 11
2022-02-20 14:11:03 DEBUG PooledByteBufAllocator:167 - -Dio.netty.allocator.chunkSize: 16777216
2022-02-20 14:11:03 DEBUG PooledByteBufAllocator:168 - -Dio.netty.allocator.smallCacheSize: 256
2022-02-20 14:11:03 DEBUG PooledByteBufAllocator:169 - -Dio.netty.allocator.normalCacheSize: 64
2022-02-20 14:11:03 DEBUG PooledByteBufAllocator:170 - -Dio.netty.allocator.maxCachedBufferCapacity: 32768
2022-02-20 14:11:03 DEBUG PooledByteBufAllocator:171 - -Dio.netty.allocator.cacheTrimInterval: 8192
2022-02-20 14:11:03 DEBUG PooledByteBufAllocator:172 - -Dio.netty.allocator.cacheTrimIntervalMillis: 0
2022-02-20 14:11:03 DEBUG PooledByteBufAllocator:173 - -Dio.netty.allocator.useCacheForAllThreads: true
2022-02-20 14:11:03 DEBUG PooledByteBufAllocator:174 - -Dio.netty.allocator.maxCachedByteBuffersPerChunk: 1023
2022-02-20 14:11:03 DEBUG ByteBufUtil:87 - -Dio.netty.allocator.type: pooled
2022-02-20 14:11:03 DEBUG ByteBufUtil:96 - -Dio.netty.threadLocalDirectBufferSize: 0
2022-02-20 14:11:03 DEBUG ByteBufUtil:99 - -Dio.netty.maxThreadLocalCharBufferSize: 16384
2022-02-20 14:11:03 DEBUG DefaultChannelId:79 - -Dio.netty.processId: 34744 (auto-detected)
2022-02-20 14:11:03 DEBUG NetUtil:135 - -Djava.net.preferIPv4Stack: true
2022-02-20 14:11:03 DEBUG NetUtil:136 - -Djava.net.preferIPv6Addresses: false
2022-02-20 14:11:03 DEBUG NetUtilInitializations:129 - Loopback interface: lo (Software Loopback Interface 1, 127.0.0.1)
2022-02-20 14:11:03 DEBUG NetUtil:187 - Failed to get SOMAXCONN from sysctl and file \proc\sys\net\core\somaxconn. Default: 200
2022-02-20 14:11:04 DEBUG DefaultChannelId:101 - -Dio.netty.machineId: 38:68:93:ff:fe:55:c8:a5 (auto-detected)
2022-02-20 14:11:04 DEBUG AbstractByteBuf:63 - -Dio.netty.buffer.checkAccessible: true
2022-02-20 14:11:04 DEBUG AbstractByteBuf:64 - -Dio.netty.buffer.checkBounds: true
2022-02-20 14:11:04 DEBUG ResourceLeakDetectorFactory:196 - Loaded default ResourceLeakDetector: io.netty.util.ResourceLeakDetector@6d11da2e
2022-02-20 14:11:04 DEBUG Recycler:85 - -Dio.netty.recycler.maxCapacityPerThread: 4096
2022-02-20 14:11:04 DEBUG Recycler:86 - -Dio.netty.recycler.ratio: 8
2022-02-20 14:11:04 DEBUG Recycler:87 - -Dio.netty.recycler.chunkSize: 32
2022-02-20 14:11:04 DEBUG Recycler:88 - -Dio.netty.recycler.blocking: false
2022-02-20 14:11:04 DEBUG Brotli:38 - brotli4j not in the classpath; Brotli support will be unavailable.
2022-02-20 14:11:04 DEBUG ThreadLocalRandom:214 - -Dio.netty.initialSeedUniquifier: 0xb1d7228b8f2b61c2
2022-02-20 14:11:05 INFO  Log4j:14 - =====================================Test case 1 TEST START=========================================
2022-02-20 14:11:17 INFO  Log4j:18 - =====================================Test case 1 TEST END=========================================
2022-02-20 14:12:02 DEBUG InternalLoggerFactory:89 - Using Log4J as the default logging framework
2022-02-20 14:12:02 DEBUG ResourceLeakDetector:129 - -Dio.netty.leakDetection.level: simple
2022-02-20 14:12:02 DEBUG ResourceLeakDetector:130 - -Dio.netty.leakDetection.targetRecords: 4
2022-02-20 14:12:02 DEBUG ResourceLeakDetectorFactory:196 - Loaded default ResourceLeakDetector: io.netty.util.ResourceLeakDetector@4758820d
2022-02-20 14:12:02 DEBUG PlatformDependent0:460 - -Dio.netty.noUnsafe: false
2022-02-20 14:12:02 DEBUG PlatformDependent0:954 - Java version: 17
2022-02-20 14:12:02 DEBUG PlatformDependent0:135 - sun.misc.Unsafe.theUnsafe: available
2022-02-20 14:12:02 DEBUG PlatformDependent0:159 - sun.misc.Unsafe.copyMemory: available
2022-02-20 14:12:02 DEBUG PlatformDependent0:202 - java.nio.Buffer.address: available
2022-02-20 14:12:02 DEBUG PlatformDependent0:285 - direct buffer constructor: unavailable: Reflective setAccessible(true) disabled
2022-02-20 14:12:02 DEBUG PlatformDependent0:350 - java.nio.Bits.unaligned: available, true
2022-02-20 14:12:02 DEBUG PlatformDependent0:417 - jdk.internal.misc.Unsafe.allocateUninitializedArray(int): unavailable: class io.netty.util.internal.PlatformDependent0$6 cannot access class jdk.internal.misc.Unsafe (in module java.base) because module java.base does not export jdk.internal.misc to unnamed module @61dc03ce
2022-02-20 14:12:02 DEBUG PlatformDependent0:446 - java.nio.DirectByteBuffer.<init>(long, int): unavailable
2022-02-20 14:12:02 DEBUG PlatformDependent:1116 - sun.misc.Unsafe: available
2022-02-20 14:12:02 DEBUG PlatformDependent:1218 - maxDirectMemory: 2080374784 bytes (maybe)
2022-02-20 14:12:02 DEBUG PlatformDependent:1237 - -Dio.netty.tmpdir: C:\Users\Admin\AppData\Local\Temp (java.io.tmpdir)
2022-02-20 14:12:02 DEBUG PlatformDependent:1316 - -Dio.netty.bitMode: 64 (sun.arch.data.model)
2022-02-20 14:12:02 DEBUG PlatformDependent:1076 - Platform: Windows
2022-02-20 14:12:02 DEBUG PlatformDependent:178 - -Dio.netty.maxDirectMemory: -1 bytes
2022-02-20 14:12:02 DEBUG PlatformDependent:185 - -Dio.netty.uninitializedArrayAllocationThreshold: -1
2022-02-20 14:12:02 DEBUG CleanerJava9:71 - java.nio.ByteBuffer.cleaner(): available
2022-02-20 14:12:02 DEBUG PlatformDependent:205 - -Dio.netty.noPreferDirect: false
2022-02-20 14:12:02 DEBUG PlatformDependent:967 - org.jctools-core.MpscChunkedArrayQueue: available
2022-02-20 14:12:02 DEBUG InternalThreadLocalMap:86 - -Dio.netty.threadLocalMap.stringBuilder.initialSize: 1024
2022-02-20 14:12:02 DEBUG InternalThreadLocalMap:89 - -Dio.netty.threadLocalMap.stringBuilder.maxSize: 4096
2022-02-20 14:12:02 DEBUG JdkSslContext:97 - Default protocols (JDK): [TLSv1.3, TLSv1.2] 
2022-02-20 14:12:02 DEBUG JdkSslContext:98 - Default cipher suites (JDK): [TLS_ECDHE_ECDSA_WITH_AES_256_GCM_SHA384, TLS_ECDHE_ECDSA_WITH_AES_128_GCM_SHA256, TLS_ECDHE_RSA_WITH_AES_128_GCM_SHA256, TLS_ECDHE_RSA_WITH_AES_256_GCM_SHA384, TLS_ECDHE_RSA_WITH_AES_128_CBC_SHA, TLS_ECDHE_RSA_WITH_AES_256_CBC_SHA, TLS_RSA_WITH_AES_128_GCM_SHA256, TLS_RSA_WITH_AES_128_CBC_SHA, TLS_RSA_WITH_AES_256_CBC_SHA, TLS_AES_128_GCM_SHA256, TLS_AES_256_GCM_SHA384]
2022-02-20 14:12:02 DEBUG MultithreadEventLoopGroup:44 - -Dio.netty.eventLoopThreads: 8
2022-02-20 14:12:02 DEBUG NioEventLoop:109 - -Dio.netty.noKeySetOptimization: false
2022-02-20 14:12:02 DEBUG NioEventLoop:110 - -Dio.netty.selectorAutoRebuildThreshold: 512
2022-02-20 14:12:02 DEBUG PooledByteBufAllocator:155 - -Dio.netty.allocator.numHeapArenas: 8
2022-02-20 14:12:02 DEBUG PooledByteBufAllocator:156 - -Dio.netty.allocator.numDirectArenas: 8
2022-02-20 14:12:02 DEBUG PooledByteBufAllocator:158 - -Dio.netty.allocator.pageSize: 8192
2022-02-20 14:12:02 DEBUG PooledByteBufAllocator:163 - -Dio.netty.allocator.maxOrder: 11
2022-02-20 14:12:02 DEBUG PooledByteBufAllocator:167 - -Dio.netty.allocator.chunkSize: 16777216
2022-02-20 14:12:02 DEBUG PooledByteBufAllocator:168 - -Dio.netty.allocator.smallCacheSize: 256
2022-02-20 14:12:02 DEBUG PooledByteBufAllocator:169 - -Dio.netty.allocator.normalCacheSize: 64
2022-02-20 14:12:02 DEBUG PooledByteBufAllocator:170 - -Dio.netty.allocator.maxCachedBufferCapacity: 32768
2022-02-20 14:12:02 DEBUG PooledByteBufAllocator:171 - -Dio.netty.allocator.cacheTrimInterval: 8192
2022-02-20 14:12:02 DEBUG PooledByteBufAllocator:172 - -Dio.netty.allocator.cacheTrimIntervalMillis: 0
2022-02-20 14:12:02 DEBUG PooledByteBufAllocator:173 - -Dio.netty.allocator.useCacheForAllThreads: true
2022-02-20 14:12:02 DEBUG PooledByteBufAllocator:174 - -Dio.netty.allocator.maxCachedByteBuffersPerChunk: 1023
2022-02-20 14:12:02 DEBUG ByteBufUtil:87 - -Dio.netty.allocator.type: pooled
2022-02-20 14:12:02 DEBUG ByteBufUtil:96 - -Dio.netty.threadLocalDirectBufferSize: 0
2022-02-20 14:12:02 DEBUG ByteBufUtil:99 - -Dio.netty.maxThreadLocalCharBufferSize: 16384
2022-02-20 14:12:02 DEBUG DefaultChannelId:79 - -Dio.netty.processId: 15596 (auto-detected)
2022-02-20 14:12:02 DEBUG NetUtil:135 - -Djava.net.preferIPv4Stack: true
2022-02-20 14:12:02 DEBUG NetUtil:136 - -Djava.net.preferIPv6Addresses: false
2022-02-20 14:12:02 DEBUG NetUtilInitializations:129 - Loopback interface: lo (Software Loopback Interface 1, 127.0.0.1)
2022-02-20 14:12:02 DEBUG NetUtil:187 - Failed to get SOMAXCONN from sysctl and file \proc\sys\net\core\somaxconn. Default: 200
2022-02-20 14:12:02 DEBUG DefaultChannelId:101 - -Dio.netty.machineId: 38:68:93:ff:fe:55:c8:a5 (auto-detected)
2022-02-20 14:12:02 DEBUG AbstractByteBuf:63 - -Dio.netty.buffer.checkAccessible: true
2022-02-20 14:12:02 DEBUG AbstractByteBuf:64 - -Dio.netty.buffer.checkBounds: true
2022-02-20 14:12:02 DEBUG ResourceLeakDetectorFactory:196 - Loaded default ResourceLeakDetector: io.netty.util.ResourceLeakDetector@58a8b48a
2022-02-20 14:12:02 DEBUG Recycler:85 - -Dio.netty.recycler.maxCapacityPerThread: 4096
2022-02-20 14:12:02 DEBUG Recycler:86 - -Dio.netty.recycler.ratio: 8
2022-02-20 14:12:02 DEBUG Recycler:87 - -Dio.netty.recycler.chunkSize: 32
2022-02-20 14:12:02 DEBUG Recycler:88 - -Dio.netty.recycler.blocking: false
2022-02-20 14:12:03 DEBUG Brotli:38 - brotli4j not in the classpath; Brotli support will be unavailable.
2022-02-20 14:12:03 DEBUG ThreadLocalRandom:214 - -Dio.netty.initialSeedUniquifier: 0xb7611e4d2be3b522
2022-02-20 14:12:04 INFO  Log4j:14 - =====================================Test case 1 TEST START=========================================
2022-02-20 14:12:34 DEBUG InternalLoggerFactory:89 - Using Log4J as the default logging framework
2022-02-20 14:12:34 DEBUG ResourceLeakDetector:129 - -Dio.netty.leakDetection.level: simple
2022-02-20 14:12:34 DEBUG ResourceLeakDetector:130 - -Dio.netty.leakDetection.targetRecords: 4
2022-02-20 14:12:34 DEBUG ResourceLeakDetectorFactory:196 - Loaded default ResourceLeakDetector: io.netty.util.ResourceLeakDetector@4758820d
2022-02-20 14:12:34 DEBUG PlatformDependent0:460 - -Dio.netty.noUnsafe: false
2022-02-20 14:12:34 DEBUG PlatformDependent0:954 - Java version: 17
2022-02-20 14:12:34 DEBUG PlatformDependent0:135 - sun.misc.Unsafe.theUnsafe: available
2022-02-20 14:12:34 DEBUG PlatformDependent0:159 - sun.misc.Unsafe.copyMemory: available
2022-02-20 14:12:34 DEBUG PlatformDependent0:202 - java.nio.Buffer.address: available
2022-02-20 14:12:34 DEBUG PlatformDependent0:285 - direct buffer constructor: unavailable: Reflective setAccessible(true) disabled
2022-02-20 14:12:34 DEBUG PlatformDependent0:350 - java.nio.Bits.unaligned: available, true
2022-02-20 14:12:34 DEBUG PlatformDependent0:417 - jdk.internal.misc.Unsafe.allocateUninitializedArray(int): unavailable: class io.netty.util.internal.PlatformDependent0$6 cannot access class jdk.internal.misc.Unsafe (in module java.base) because module java.base does not export jdk.internal.misc to unnamed module @61dc03ce
2022-02-20 14:12:34 DEBUG PlatformDependent0:446 - java.nio.DirectByteBuffer.<init>(long, int): unavailable
2022-02-20 14:12:34 DEBUG PlatformDependent:1116 - sun.misc.Unsafe: available
2022-02-20 14:12:34 DEBUG PlatformDependent:1218 - maxDirectMemory: 2080374784 bytes (maybe)
2022-02-20 14:12:34 DEBUG PlatformDependent:1237 - -Dio.netty.tmpdir: C:\Users\Admin\AppData\Local\Temp (java.io.tmpdir)
2022-02-20 14:12:34 DEBUG PlatformDependent:1316 - -Dio.netty.bitMode: 64 (sun.arch.data.model)
2022-02-20 14:12:34 DEBUG PlatformDependent:1076 - Platform: Windows
2022-02-20 14:12:34 DEBUG PlatformDependent:178 - -Dio.netty.maxDirectMemory: -1 bytes
2022-02-20 14:12:34 DEBUG PlatformDependent:185 - -Dio.netty.uninitializedArrayAllocationThreshold: -1
2022-02-20 14:12:34 DEBUG CleanerJava9:71 - java.nio.ByteBuffer.cleaner(): available
2022-02-20 14:12:34 DEBUG PlatformDependent:205 - -Dio.netty.noPreferDirect: false
2022-02-20 14:12:34 DEBUG PlatformDependent:967 - org.jctools-core.MpscChunkedArrayQueue: available
2022-02-20 14:12:34 DEBUG InternalThreadLocalMap:86 - -Dio.netty.threadLocalMap.stringBuilder.initialSize: 1024
2022-02-20 14:12:34 DEBUG InternalThreadLocalMap:89 - -Dio.netty.threadLocalMap.stringBuilder.maxSize: 4096
2022-02-20 14:12:34 DEBUG JdkSslContext:97 - Default protocols (JDK): [TLSv1.3, TLSv1.2] 
2022-02-20 14:12:34 DEBUG JdkSslContext:98 - Default cipher suites (JDK): [TLS_ECDHE_ECDSA_WITH_AES_256_GCM_SHA384, TLS_ECDHE_ECDSA_WITH_AES_128_GCM_SHA256, TLS_ECDHE_RSA_WITH_AES_128_GCM_SHA256, TLS_ECDHE_RSA_WITH_AES_256_GCM_SHA384, TLS_ECDHE_RSA_WITH_AES_128_CBC_SHA, TLS_ECDHE_RSA_WITH_AES_256_CBC_SHA, TLS_RSA_WITH_AES_128_GCM_SHA256, TLS_RSA_WITH_AES_128_CBC_SHA, TLS_RSA_WITH_AES_256_CBC_SHA, TLS_AES_128_GCM_SHA256, TLS_AES_256_GCM_SHA384]
2022-02-20 14:12:34 DEBUG MultithreadEventLoopGroup:44 - -Dio.netty.eventLoopThreads: 8
2022-02-20 14:12:34 DEBUG NioEventLoop:109 - -Dio.netty.noKeySetOptimization: false
2022-02-20 14:12:34 DEBUG NioEventLoop:110 - -Dio.netty.selectorAutoRebuildThreshold: 512
2022-02-20 14:12:34 DEBUG PooledByteBufAllocator:155 - -Dio.netty.allocator.numHeapArenas: 8
2022-02-20 14:12:34 DEBUG PooledByteBufAllocator:156 - -Dio.netty.allocator.numDirectArenas: 8
2022-02-20 14:12:34 DEBUG PooledByteBufAllocator:158 - -Dio.netty.allocator.pageSize: 8192
2022-02-20 14:12:34 DEBUG PooledByteBufAllocator:163 - -Dio.netty.allocator.maxOrder: 11
2022-02-20 14:12:34 DEBUG PooledByteBufAllocator:167 - -Dio.netty.allocator.chunkSize: 16777216
2022-02-20 14:12:34 DEBUG PooledByteBufAllocator:168 - -Dio.netty.allocator.smallCacheSize: 256
2022-02-20 14:12:34 DEBUG PooledByteBufAllocator:169 - -Dio.netty.allocator.normalCacheSize: 64
2022-02-20 14:12:34 DEBUG PooledByteBufAllocator:170 - -Dio.netty.allocator.maxCachedBufferCapacity: 32768
2022-02-20 14:12:34 DEBUG PooledByteBufAllocator:171 - -Dio.netty.allocator.cacheTrimInterval: 8192
2022-02-20 14:12:34 DEBUG PooledByteBufAllocator:172 - -Dio.netty.allocator.cacheTrimIntervalMillis: 0
2022-02-20 14:12:34 DEBUG PooledByteBufAllocator:173 - -Dio.netty.allocator.useCacheForAllThreads: true
2022-02-20 14:12:34 DEBUG PooledByteBufAllocator:174 - -Dio.netty.allocator.maxCachedByteBuffersPerChunk: 1023
2022-02-20 14:12:34 DEBUG ByteBufUtil:87 - -Dio.netty.allocator.type: pooled
2022-02-20 14:12:34 DEBUG ByteBufUtil:96 - -Dio.netty.threadLocalDirectBufferSize: 0
2022-02-20 14:12:34 DEBUG ByteBufUtil:99 - -Dio.netty.maxThreadLocalCharBufferSize: 16384
2022-02-20 14:12:34 DEBUG DefaultChannelId:79 - -Dio.netty.processId: 40084 (auto-detected)
2022-02-20 14:12:34 DEBUG NetUtil:135 - -Djava.net.preferIPv4Stack: true
2022-02-20 14:12:34 DEBUG NetUtil:136 - -Djava.net.preferIPv6Addresses: false
2022-02-20 14:12:34 DEBUG NetUtilInitializations:129 - Loopback interface: lo (Software Loopback Interface 1, 127.0.0.1)
2022-02-20 14:12:34 DEBUG NetUtil:187 - Failed to get SOMAXCONN from sysctl and file \proc\sys\net\core\somaxconn. Default: 200
2022-02-20 14:12:35 DEBUG DefaultChannelId:101 - -Dio.netty.machineId: 38:68:93:ff:fe:55:c8:a5 (auto-detected)
2022-02-20 14:12:35 DEBUG AbstractByteBuf:63 - -Dio.netty.buffer.checkAccessible: true
2022-02-20 14:12:35 DEBUG AbstractByteBuf:64 - -Dio.netty.buffer.checkBounds: true
2022-02-20 14:12:35 DEBUG ResourceLeakDetectorFactory:196 - Loaded default ResourceLeakDetector: io.netty.util.ResourceLeakDetector@58a8b48a
2022-02-20 14:12:35 DEBUG Recycler:85 - -Dio.netty.recycler.maxCapacityPerThread: 4096
2022-02-20 14:12:35 DEBUG Recycler:86 - -Dio.netty.recycler.ratio: 8
2022-02-20 14:12:35 DEBUG Recycler:87 - -Dio.netty.recycler.chunkSize: 32
2022-02-20 14:12:35 DEBUG Recycler:88 - -Dio.netty.recycler.blocking: false
2022-02-20 14:12:35 DEBUG Brotli:38 - brotli4j not in the classpath; Brotli support will be unavailable.
2022-02-20 14:12:35 DEBUG ThreadLocalRandom:214 - -Dio.netty.initialSeedUniquifier: 0xad8dc263bd803bc9
2022-02-20 14:12:36 INFO  Log4j:14 - =====================================Test case 1 TEST START=========================================
2022-02-20 14:17:57 DEBUG InternalLoggerFactory:89 - Using Log4J as the default logging framework
2022-02-20 14:17:57 DEBUG ResourceLeakDetector:129 - -Dio.netty.leakDetection.level: simple
2022-02-20 14:17:57 DEBUG ResourceLeakDetector:130 - -Dio.netty.leakDetection.targetRecords: 4
2022-02-20 14:17:57 DEBUG ResourceLeakDetectorFactory:196 - Loaded default ResourceLeakDetector: io.netty.util.ResourceLeakDetector@4758820d
2022-02-20 14:17:57 DEBUG PlatformDependent0:460 - -Dio.netty.noUnsafe: false
2022-02-20 14:17:57 DEBUG PlatformDependent0:954 - Java version: 17
2022-02-20 14:17:57 DEBUG PlatformDependent0:135 - sun.misc.Unsafe.theUnsafe: available
2022-02-20 14:17:57 DEBUG PlatformDependent0:159 - sun.misc.Unsafe.copyMemory: available
2022-02-20 14:17:57 DEBUG PlatformDependent0:202 - java.nio.Buffer.address: available
2022-02-20 14:17:57 DEBUG PlatformDependent0:285 - direct buffer constructor: unavailable: Reflective setAccessible(true) disabled
2022-02-20 14:17:57 DEBUG PlatformDependent0:350 - java.nio.Bits.unaligned: available, true
2022-02-20 14:17:57 DEBUG PlatformDependent0:417 - jdk.internal.misc.Unsafe.allocateUninitializedArray(int): unavailable: class io.netty.util.internal.PlatformDependent0$6 cannot access class jdk.internal.misc.Unsafe (in module java.base) because module java.base does not export jdk.internal.misc to unnamed module @61dc03ce
2022-02-20 14:17:57 DEBUG PlatformDependent0:446 - java.nio.DirectByteBuffer.<init>(long, int): unavailable
2022-02-20 14:17:57 DEBUG PlatformDependent:1116 - sun.misc.Unsafe: available
2022-02-20 14:17:57 DEBUG PlatformDependent:1218 - maxDirectMemory: 2080374784 bytes (maybe)
2022-02-20 14:17:57 DEBUG PlatformDependent:1237 - -Dio.netty.tmpdir: C:\Users\Admin\AppData\Local\Temp (java.io.tmpdir)
2022-02-20 14:17:57 DEBUG PlatformDependent:1316 - -Dio.netty.bitMode: 64 (sun.arch.data.model)
2022-02-20 14:17:57 DEBUG PlatformDependent:1076 - Platform: Windows
2022-02-20 14:17:57 DEBUG PlatformDependent:178 - -Dio.netty.maxDirectMemory: -1 bytes
2022-02-20 14:17:57 DEBUG PlatformDependent:185 - -Dio.netty.uninitializedArrayAllocationThreshold: -1
2022-02-20 14:17:57 DEBUG CleanerJava9:71 - java.nio.ByteBuffer.cleaner(): available
2022-02-20 14:17:57 DEBUG PlatformDependent:205 - -Dio.netty.noPreferDirect: false
2022-02-20 14:17:57 DEBUG PlatformDependent:967 - org.jctools-core.MpscChunkedArrayQueue: available
2022-02-20 14:17:57 DEBUG InternalThreadLocalMap:86 - -Dio.netty.threadLocalMap.stringBuilder.initialSize: 1024
2022-02-20 14:17:57 DEBUG InternalThreadLocalMap:89 - -Dio.netty.threadLocalMap.stringBuilder.maxSize: 4096
2022-02-20 14:17:57 DEBUG JdkSslContext:97 - Default protocols (JDK): [TLSv1.3, TLSv1.2] 
2022-02-20 14:17:57 DEBUG JdkSslContext:98 - Default cipher suites (JDK): [TLS_ECDHE_ECDSA_WITH_AES_256_GCM_SHA384, TLS_ECDHE_ECDSA_WITH_AES_128_GCM_SHA256, TLS_ECDHE_RSA_WITH_AES_128_GCM_SHA256, TLS_ECDHE_RSA_WITH_AES_256_GCM_SHA384, TLS_ECDHE_RSA_WITH_AES_128_CBC_SHA, TLS_ECDHE_RSA_WITH_AES_256_CBC_SHA, TLS_RSA_WITH_AES_128_GCM_SHA256, TLS_RSA_WITH_AES_128_CBC_SHA, TLS_RSA_WITH_AES_256_CBC_SHA, TLS_AES_128_GCM_SHA256, TLS_AES_256_GCM_SHA384]
2022-02-20 14:17:58 DEBUG MultithreadEventLoopGroup:44 - -Dio.netty.eventLoopThreads: 8
2022-02-20 14:17:58 DEBUG NioEventLoop:109 - -Dio.netty.noKeySetOptimization: false
2022-02-20 14:17:58 DEBUG NioEventLoop:110 - -Dio.netty.selectorAutoRebuildThreshold: 512
2022-02-20 14:17:58 DEBUG PooledByteBufAllocator:155 - -Dio.netty.allocator.numHeapArenas: 8
2022-02-20 14:17:58 DEBUG PooledByteBufAllocator:156 - -Dio.netty.allocator.numDirectArenas: 8
2022-02-20 14:17:58 DEBUG PooledByteBufAllocator:158 - -Dio.netty.allocator.pageSize: 8192
2022-02-20 14:17:58 DEBUG PooledByteBufAllocator:163 - -Dio.netty.allocator.maxOrder: 11
2022-02-20 14:17:58 DEBUG PooledByteBufAllocator:167 - -Dio.netty.allocator.chunkSize: 16777216
2022-02-20 14:17:58 DEBUG PooledByteBufAllocator:168 - -Dio.netty.allocator.smallCacheSize: 256
2022-02-20 14:17:58 DEBUG PooledByteBufAllocator:169 - -Dio.netty.allocator.normalCacheSize: 64
2022-02-20 14:17:58 DEBUG PooledByteBufAllocator:170 - -Dio.netty.allocator.maxCachedBufferCapacity: 32768
2022-02-20 14:17:58 DEBUG PooledByteBufAllocator:171 - -Dio.netty.allocator.cacheTrimInterval: 8192
2022-02-20 14:17:58 DEBUG PooledByteBufAllocator:172 - -Dio.netty.allocator.cacheTrimIntervalMillis: 0
2022-02-20 14:17:58 DEBUG PooledByteBufAllocator:173 - -Dio.netty.allocator.useCacheForAllThreads: true
2022-02-20 14:17:58 DEBUG PooledByteBufAllocator:174 - -Dio.netty.allocator.maxCachedByteBuffersPerChunk: 1023
2022-02-20 14:17:58 DEBUG ByteBufUtil:87 - -Dio.netty.allocator.type: pooled
2022-02-20 14:17:58 DEBUG ByteBufUtil:96 - -Dio.netty.threadLocalDirectBufferSize: 0
2022-02-20 14:17:58 DEBUG ByteBufUtil:99 - -Dio.netty.maxThreadLocalCharBufferSize: 16384
2022-02-20 14:17:58 DEBUG DefaultChannelId:79 - -Dio.netty.processId: 36588 (auto-detected)
2022-02-20 14:17:58 DEBUG NetUtil:135 - -Djava.net.preferIPv4Stack: true
2022-02-20 14:17:58 DEBUG NetUtil:136 - -Djava.net.preferIPv6Addresses: false
2022-02-20 14:17:58 DEBUG NetUtilInitializations:129 - Loopback interface: lo (Software Loopback Interface 1, 127.0.0.1)
2022-02-20 14:17:58 DEBUG NetUtil:187 - Failed to get SOMAXCONN from sysctl and file \proc\sys\net\core\somaxconn. Default: 200
2022-02-20 14:17:58 DEBUG DefaultChannelId:101 - -Dio.netty.machineId: 38:68:93:ff:fe:55:c8:a5 (auto-detected)
2022-02-20 14:17:58 DEBUG AbstractByteBuf:63 - -Dio.netty.buffer.checkAccessible: true
2022-02-20 14:17:58 DEBUG AbstractByteBuf:64 - -Dio.netty.buffer.checkBounds: true
2022-02-20 14:17:58 DEBUG ResourceLeakDetectorFactory:196 - Loaded default ResourceLeakDetector: io.netty.util.ResourceLeakDetector@271d5943
2022-02-20 14:17:58 DEBUG Recycler:85 - -Dio.netty.recycler.maxCapacityPerThread: 4096
2022-02-20 14:17:58 DEBUG Recycler:86 - -Dio.netty.recycler.ratio: 8
2022-02-20 14:17:58 DEBUG Recycler:87 - -Dio.netty.recycler.chunkSize: 32
2022-02-20 14:17:58 DEBUG Recycler:88 - -Dio.netty.recycler.blocking: false
2022-02-20 14:17:59 DEBUG Brotli:38 - brotli4j not in the classpath; Brotli support will be unavailable.
2022-02-20 14:17:59 DEBUG ThreadLocalRandom:214 - -Dio.netty.initialSeedUniquifier: 0xd6e32605159d2ce4
2022-02-20 14:17:59 INFO  Log4j:25 - Driver launched
2022-02-20 14:17:59 INFO  Log4j:14 - =====================================Test case 1 TEST START=========================================
2022-02-20 14:18:06 INFO  Log4j:25 - Username entered
2022-02-20 14:18:10 INFO  Log4j:25 - Screenshot is taken
2022-02-20 14:18:12 INFO  Log4j:18 - =====================================Test case 1 TEST END=========================================
2022-02-20 14:19:59 DEBUG InternalLoggerFactory:89 - Using Log4J as the default logging framework
2022-02-20 14:19:59 DEBUG ResourceLeakDetector:129 - -Dio.netty.leakDetection.level: simple
2022-02-20 14:19:59 DEBUG ResourceLeakDetector:130 - -Dio.netty.leakDetection.targetRecords: 4
2022-02-20 14:19:59 DEBUG ResourceLeakDetectorFactory:196 - Loaded default ResourceLeakDetector: io.netty.util.ResourceLeakDetector@4758820d
2022-02-20 14:19:59 DEBUG PlatformDependent0:460 - -Dio.netty.noUnsafe: false
2022-02-20 14:19:59 DEBUG PlatformDependent0:954 - Java version: 17
2022-02-20 14:19:59 DEBUG PlatformDependent0:135 - sun.misc.Unsafe.theUnsafe: available
2022-02-20 14:19:59 DEBUG PlatformDependent0:159 - sun.misc.Unsafe.copyMemory: available
2022-02-20 14:19:59 DEBUG PlatformDependent0:202 - java.nio.Buffer.address: available
2022-02-20 14:19:59 DEBUG PlatformDependent0:285 - direct buffer constructor: unavailable: Reflective setAccessible(true) disabled
2022-02-20 14:19:59 DEBUG PlatformDependent0:350 - java.nio.Bits.unaligned: available, true
2022-02-20 14:19:59 DEBUG PlatformDependent0:417 - jdk.internal.misc.Unsafe.allocateUninitializedArray(int): unavailable: class io.netty.util.internal.PlatformDependent0$6 cannot access class jdk.internal.misc.Unsafe (in module java.base) because module java.base does not export jdk.internal.misc to unnamed module @61dc03ce
2022-02-20 14:19:59 DEBUG PlatformDependent0:446 - java.nio.DirectByteBuffer.<init>(long, int): unavailable
2022-02-20 14:19:59 DEBUG PlatformDependent:1116 - sun.misc.Unsafe: available
2022-02-20 14:19:59 DEBUG PlatformDependent:1218 - maxDirectMemory: 2080374784 bytes (maybe)
2022-02-20 14:19:59 DEBUG PlatformDependent:1237 - -Dio.netty.tmpdir: C:\Users\Admin\AppData\Local\Temp (java.io.tmpdir)
2022-02-20 14:19:59 DEBUG PlatformDependent:1316 - -Dio.netty.bitMode: 64 (sun.arch.data.model)
2022-02-20 14:19:59 DEBUG PlatformDependent:1076 - Platform: Windows
2022-02-20 14:19:59 DEBUG PlatformDependent:178 - -Dio.netty.maxDirectMemory: -1 bytes
2022-02-20 14:19:59 DEBUG PlatformDependent:185 - -Dio.netty.uninitializedArrayAllocationThreshold: -1
2022-02-20 14:19:59 DEBUG CleanerJava9:71 - java.nio.ByteBuffer.cleaner(): available
2022-02-20 14:19:59 DEBUG PlatformDependent:205 - -Dio.netty.noPreferDirect: false
2022-02-20 14:19:59 DEBUG PlatformDependent:967 - org.jctools-core.MpscChunkedArrayQueue: available
2022-02-20 14:19:59 DEBUG InternalThreadLocalMap:86 - -Dio.netty.threadLocalMap.stringBuilder.initialSize: 1024
2022-02-20 14:19:59 DEBUG InternalThreadLocalMap:89 - -Dio.netty.threadLocalMap.stringBuilder.maxSize: 4096
2022-02-20 14:19:59 DEBUG JdkSslContext:97 - Default protocols (JDK): [TLSv1.3, TLSv1.2] 
2022-02-20 14:19:59 DEBUG JdkSslContext:98 - Default cipher suites (JDK): [TLS_ECDHE_ECDSA_WITH_AES_256_GCM_SHA384, TLS_ECDHE_ECDSA_WITH_AES_128_GCM_SHA256, TLS_ECDHE_RSA_WITH_AES_128_GCM_SHA256, TLS_ECDHE_RSA_WITH_AES_256_GCM_SHA384, TLS_ECDHE_RSA_WITH_AES_128_CBC_SHA, TLS_ECDHE_RSA_WITH_AES_256_CBC_SHA, TLS_RSA_WITH_AES_128_GCM_SHA256, TLS_RSA_WITH_AES_128_CBC_SHA, TLS_RSA_WITH_AES_256_CBC_SHA, TLS_AES_128_GCM_SHA256, TLS_AES_256_GCM_SHA384]
2022-02-20 14:19:59 DEBUG MultithreadEventLoopGroup:44 - -Dio.netty.eventLoopThreads: 8
2022-02-20 14:19:59 DEBUG NioEventLoop:109 - -Dio.netty.noKeySetOptimization: false
2022-02-20 14:19:59 DEBUG NioEventLoop:110 - -Dio.netty.selectorAutoRebuildThreshold: 512
2022-02-20 14:19:59 DEBUG PooledByteBufAllocator:155 - -Dio.netty.allocator.numHeapArenas: 8
2022-02-20 14:19:59 DEBUG PooledByteBufAllocator:156 - -Dio.netty.allocator.numDirectArenas: 8
2022-02-20 14:19:59 DEBUG PooledByteBufAllocator:158 - -Dio.netty.allocator.pageSize: 8192
2022-02-20 14:19:59 DEBUG PooledByteBufAllocator:163 - -Dio.netty.allocator.maxOrder: 11
2022-02-20 14:19:59 DEBUG PooledByteBufAllocator:167 - -Dio.netty.allocator.chunkSize: 16777216
2022-02-20 14:19:59 DEBUG PooledByteBufAllocator:168 - -Dio.netty.allocator.smallCacheSize: 256
2022-02-20 14:19:59 DEBUG PooledByteBufAllocator:169 - -Dio.netty.allocator.normalCacheSize: 64
2022-02-20 14:19:59 DEBUG PooledByteBufAllocator:170 - -Dio.netty.allocator.maxCachedBufferCapacity: 32768
2022-02-20 14:19:59 DEBUG PooledByteBufAllocator:171 - -Dio.netty.allocator.cacheTrimInterval: 8192
2022-02-20 14:19:59 DEBUG PooledByteBufAllocator:172 - -Dio.netty.allocator.cacheTrimIntervalMillis: 0
2022-02-20 14:19:59 DEBUG PooledByteBufAllocator:173 - -Dio.netty.allocator.useCacheForAllThreads: true
2022-02-20 14:19:59 DEBUG PooledByteBufAllocator:174 - -Dio.netty.allocator.maxCachedByteBuffersPerChunk: 1023
2022-02-20 14:19:59 DEBUG ByteBufUtil:87 - -Dio.netty.allocator.type: pooled
2022-02-20 14:19:59 DEBUG ByteBufUtil:96 - -Dio.netty.threadLocalDirectBufferSize: 0
2022-02-20 14:19:59 DEBUG ByteBufUtil:99 - -Dio.netty.maxThreadLocalCharBufferSize: 16384
2022-02-20 14:20:00 DEBUG DefaultChannelId:79 - -Dio.netty.processId: 40168 (auto-detected)
2022-02-20 14:20:00 DEBUG NetUtil:135 - -Djava.net.preferIPv4Stack: true
2022-02-20 14:20:00 DEBUG NetUtil:136 - -Djava.net.preferIPv6Addresses: false
2022-02-20 14:20:00 DEBUG NetUtilInitializations:129 - Loopback interface: lo (Software Loopback Interface 1, 127.0.0.1)
2022-02-20 14:20:00 DEBUG NetUtil:187 - Failed to get SOMAXCONN from sysctl and file \proc\sys\net\core\somaxconn. Default: 200
2022-02-20 14:20:00 DEBUG DefaultChannelId:101 - -Dio.netty.machineId: 38:68:93:ff:fe:55:c8:a5 (auto-detected)
2022-02-20 14:20:00 DEBUG AbstractByteBuf:63 - -Dio.netty.buffer.checkAccessible: true
2022-02-20 14:20:00 DEBUG AbstractByteBuf:64 - -Dio.netty.buffer.checkBounds: true
2022-02-20 14:20:00 DEBUG ResourceLeakDetectorFactory:196 - Loaded default ResourceLeakDetector: io.netty.util.ResourceLeakDetector@6bf1046c
2022-02-20 14:20:00 DEBUG Recycler:85 - -Dio.netty.recycler.maxCapacityPerThread: 4096
2022-02-20 14:20:00 DEBUG Recycler:86 - -Dio.netty.recycler.ratio: 8
2022-02-20 14:20:00 DEBUG Recycler:87 - -Dio.netty.recycler.chunkSize: 32
2022-02-20 14:20:00 DEBUG Recycler:88 - -Dio.netty.recycler.blocking: false
2022-02-20 14:20:01 DEBUG Brotli:38 - brotli4j not in the classpath; Brotli support will be unavailable.
2022-02-20 14:20:01 DEBUG ThreadLocalRandom:214 - -Dio.netty.initialSeedUniquifier: 0xb625b82e197a9362
2022-02-20 14:20:01 INFO  Log4j:25 - Driver launched
2022-02-20 14:20:01 INFO  Log4j:14 - =====================================Test case 1 TEST START=========================================
2022-02-20 14:20:08 INFO  Log4j:25 - Username entered
2022-02-20 14:20:12 INFO  Log4j:25 - Screenshot is taken
2022-02-20 14:20:14 INFO  Log4j:18 - =====================================Test case 1 TEST END=========================================
